<?xml version="1.0" encoding="UTF-8"?>
<testsuite xmlns:xsi="http://www.w3.org/2001/XMLSchema-instance" xsi:noNamespaceSchemaLocation="https://maven.apache.org/surefire/maven-surefire-plugin/xsd/surefire-test-report-3.0.xsd" version="3.0" name="com.example.workorder.WorkOrderApiTests" time="3.03" tests="7" errors="0" skipped="0" failures="0">
  <properties>
[...]
</properties>
  <testcase name="createValidWorkOrder_returns201WithDefaults" classname="com.example.workorder.WorkOrderApiTests" time="0.924">
    <system-out><![CDATA[12:12:36.512 [main] INFO org.springframework.test.context.support.AnnotationConfigContextLoaderUtils -- Could not detect default configuration classes for test class [com.example.workorder.WorkOrderApiTests]: WorkOrderApiTests does not declare any static, non-private, non-final, nested classes annotated with @Configuration.
12:12:36.611 [main] INFO org.springframework.boot.test.context.SpringBootTestContextBootstrapper -- Found @SpringBootConfiguration com.example.workorder.WorkOrderApplication for test class com.example.workorder.WorkOrderApiTests

  .   ____          _            __ _ _
 /\\ / ___'_ __ _ _(_)_ __  __ _ \ \ \ \
( ( )\___ | '_ | '_| | '_ \/ _` | \ \ \ \
 \\/  ___)| |_)| | | | | || (_| |  ) ) ) )
  '  |____| .__|_| |_|_| |_\__, | / / / /
 =========|_|==============|___/=/_/_/_/

 :: Spring Boot ::                (v3.3.4)

2026-07-21T12:12:37.297-06:00  INFO 17460 --- [           main] c.example.workorder.WorkOrderApiTests    : Starting WorkOrderApiTests using Java 21.0.11 with PID 17460 (started by tyler in C:\Users\tyler\Downloads\workorder-app\workorder-app\backend)
2026-07-21T12:12:37.299-06:00  INFO 17460 --- [           main] c.example.workorder.WorkOrderApiTests    : No active profile set, falling back to 1 default profile: "default"
2026-07-21T12:12:37.974-06:00  INFO 17460 --- [           main] o.s.b.w.embedded.tomcat.TomcatWebServer  : Tomcat initialized with port 0 (http)
2026-07-21T12:12:37.980-06:00  INFO 17460 --- [           main] o.apache.catalina.core.StandardService   : Starting service [Tomcat]
2026-07-21T12:12:37.980-06:00  INFO 17460 --- [           main] o.apache.catalina.core.StandardEngine    : Starting Servlet engine: [Apache Tomcat/10.1.30]
2026-07-21T12:12:38.040-06:00  INFO 17460 --- [           main] o.a.c.c.C.[Tomcat].[localhost].[/]       : Initializing Spring embedded WebApplicationContext
2026-07-21T12:12:38.041-06:00  INFO 17460 --- [           main] w.s.c.ServletWebServerApplicationContext : Root WebApplicationContext: initialization completed in 728 ms
2026-07-21T12:12:38.348-06:00  INFO 17460 --- [           main] o.s.b.w.embedded.tomcat.TomcatWebServer  : Tomcat started on port 53806 (http) with context path '/'
2026-07-21T12:12:38.352-06:00  INFO 17460 --- [           main] c.example.workorder.WorkOrderApiTests    : Started WorkOrderApiTests in 1.267 seconds (process running for 2.446)
2026-07-21T12:12:39.168-06:00  INFO 17460 --- [o-auto-1-exec-2] o.a.c.c.C.[Tomcat].[localhost].[/]       : Initializing Spring DispatcherServlet 'dispatcherServlet'
2026-07-21T12:12:39.168-06:00  INFO 17460 --- [o-auto-1-exec-2] o.s.web.servlet.DispatcherServlet        : Initializing Servlet 'dispatcherServlet'
2026-07-21T12:12:39.168-06:00  INFO 17460 --- [o-auto-1-exec-2] o.s.web.servlet.DispatcherServlet        : Completed initialization in 0 ms
]]></system-out>
    <system-err><![CDATA[WARNING: A Java agent has been loaded dynamically (C:\Users\tyler\.m2\repository\net\bytebuddy\byte-buddy-agent\1.14.19\byte-buddy-agent-1.14.19.jar)
WARNING: If a serviceability tool is in use, please run with -XX:+EnableDynamicAgentLoading to hide this warning
WARNING: If a serviceability tool is not in use, please run with -Djdk.instrument.traceUsage for more information
WARNING: Dynamic loading of agents will be disallowed by default in a future release
]]></system-err>
  </testcase>
  <testcase name="createBlankTitle_returns400AndDoesNotPersist" classname="com.example.workorder.WorkOrderApiTests" time="0.028"/>
  <testcase name="list_reflectsCreatedOrders_andFiltersByStatus" classname="com.example.workorder.WorkOrderApiTests" time="0.021"/>
  <testcase name="getById_unknownId_returns404" classname="com.example.workorder.WorkOrderApiTests" time="0.005"/>
  <testcase name="patchStatus_validTransition_returns200AndBumpsUpdatedAt" classname="com.example.workorder.WorkOrderApiTests" time="0.018"/>
  <testcase name="patchStatus_invalidValue_returns400" classname="com.example.workorder.WorkOrderApiTests" time="0.009"/>
  <testcase name="patchStatus_onTerminalWorkOrder_returns409" classname="com.example.workorder.WorkOrderApiTests" time="0.015"/>
</testsuite>